21-Mar-2020 08:07:45.060 信息 [main] org.apache.catalina.startup.VersionLoggerListener.log Server version:        Apache Tomcat/8.5.31
21-Mar-2020 08:07:45.067 信息 [main] org.apache.catalina.startup.VersionLoggerListener.log Server built:          Apr 27 2018 20:24:25 UTC
21-Mar-2020 08:07:45.068 信息 [main] org.apache.catalina.startup.VersionLoggerListener.log Server number:         8.5.31.0
21-Mar-2020 08:07:45.068 信息 [main] org.apache.catalina.startup.VersionLoggerListener.log OS Name:               Windows 10
21-Mar-2020 08:07:45.068 信息 [main] org.apache.catalina.startup.VersionLoggerListener.log OS Version:            10.0
21-Mar-2020 08:07:45.068 信息 [main] org.apache.catalina.startup.VersionLoggerListener.log Architecture:          amd64
21-Mar-2020 08:07:45.068 信息 [main] org.apache.catalina.startup.VersionLoggerListener.log Java Home:             C:\Program Files\Java\jdk1.8.0_152\jre
21-Mar-2020 08:07:45.068 信息 [main] org.apache.catalina.startup.VersionLoggerListener.log JVM Version:           1.8.0_152-b16
21-Mar-2020 08:07:45.068 信息 [main] org.apache.catalina.startup.VersionLoggerListener.log JVM Vendor:            Oracle Corporation
21-Mar-2020 08:07:45.068 信息 [main] org.apache.catalina.startup.VersionLoggerListener.log CATALINA_BASE:         C:\Users\changjiang\.IntelliJIdea2017.3\system\tomcat\Unnamed_travel
21-Mar-2020 08:07:45.068 信息 [main] org.apache.catalina.startup.VersionLoggerListener.log CATALINA_HOME:         C:\apache-tomcat-8.5.31
21-Mar-2020 08:07:45.069 信息 [main] org.apache.catalina.startup.VersionLoggerListener.log Command line argument: -Djava.util.logging.config.file=C:\Users\changjiang\.IntelliJIdea2017.3\system\tomcat\Unnamed_travel\conf\logging.properties
21-Mar-2020 08:07:45.069 信息 [main] org.apache.catalina.startup.VersionLoggerListener.log Command line argument: -Djava.util.logging.manager=org.apache.juli.ClassLoaderLogManager
21-Mar-2020 08:07:45.069 信息 [main] org.apache.catalina.startup.VersionLoggerListener.log Command line argument: -Dcom.sun.management.jmxremote=
21-Mar-2020 08:07:45.069 信息 [main] org.apache.catalina.startup.VersionLoggerListener.log Command line argument: -Dcom.sun.management.jmxremote.port=1099
21-Mar-2020 08:07:45.069 信息 [main] org.apache.catalina.startup.VersionLoggerListener.log Command line argument: -Dcom.sun.management.jmxremote.ssl=false
21-Mar-2020 08:07:45.069 信息 [main] org.apache.catalina.startup.VersionLoggerListener.log Command line argument: -Dcom.sun.management.jmxremote.authenticate=false
21-Mar-2020 08:07:45.070 信息 [main] org.apache.catalina.startup.VersionLoggerListener.log Command line argument: -Djava.rmi.server.hostname=127.0.0.1
21-Mar-2020 08:07:45.070 信息 [main] org.apache.catalina.startup.VersionLoggerListener.log Command line argument: -Djdk.tls.ephemeralDHKeySize=2048
21-Mar-2020 08:07:45.070 信息 [main] org.apache.catalina.startup.VersionLoggerListener.log Command line argument: -Djava.protocol.handler.pkgs=org.apache.catalina.webresources
21-Mar-2020 08:07:45.070 信息 [main] org.apache.catalina.startup.VersionLoggerListener.log Command line argument: -Dignore.endorsed.dirs=
21-Mar-2020 08:07:45.070 信息 [main] org.apache.catalina.startup.VersionLoggerListener.log Command line argument: -Dcatalina.base=C:\Users\changjiang\.IntelliJIdea2017.3\system\tomcat\Unnamed_travel
21-Mar-2020 08:07:45.070 信息 [main] org.apache.catalina.startup.VersionLoggerListener.log Command line argument: -Dcatalina.home=C:\apache-tomcat-8.5.31
21-Mar-2020 08:07:45.070 信息 [main] org.apache.catalina.startup.VersionLoggerListener.log Command line argument: -Djava.io.tmpdir=C:\apache-tomcat-8.5.31\temp
21-Mar-2020 08:07:45.070 信息 [main] org.apache.catalina.core.AprLifecycleListener.lifecycleEvent Loaded APR based Apache Tomcat Native library [1.2.16] using APR version [1.6.3].
21-Mar-2020 08:07:45.071 信息 [main] org.apache.catalina.core.AprLifecycleListener.lifecycleEvent APR capabilities: IPv6 [true], sendfile [true], accept filters [false], random [true].
21-Mar-2020 08:07:45.071 信息 [main] org.apache.catalina.core.AprLifecycleListener.lifecycleEvent APR/OpenSSL configuration: useAprConnector [false], useOpenSSL [true]
21-Mar-2020 08:07:46.282 信息 [main] org.apache.catalina.core.AprLifecycleListener.initializeSSL OpenSSL successfully initialized [OpenSSL 1.0.2m  2 Nov 2017]
21-Mar-2020 08:07:46.998 信息 [main] org.apache.coyote.AbstractProtocol.init Initializing ProtocolHandler ["http-nio-8080"]
21-Mar-2020 08:07:47.017 信息 [main] org.apache.tomcat.util.net.NioSelectorPool.getSharedSelector Using a shared selector for servlet write/read
21-Mar-2020 08:07:47.027 信息 [main] org.apache.coyote.AbstractProtocol.init Initializing ProtocolHandler ["ajp-nio-8009"]
21-Mar-2020 08:07:47.036 信息 [main] org.apache.tomcat.util.net.NioSelectorPool.getSharedSelector Using a shared selector for servlet write/read
21-Mar-2020 08:07:47.037 信息 [main] org.apache.catalina.startup.Catalina.load Initialization processed in 2619 ms
21-Mar-2020 08:07:47.150 信息 [main] org.apache.catalina.core.StandardService.startInternal Starting service [Catalina]
21-Mar-2020 08:07:47.150 信息 [main] org.apache.catalina.core.StandardEngine.startInternal Starting Servlet Engine: Apache Tomcat/8.5.31
21-Mar-2020 08:07:47.188 信息 [main] org.apache.coyote.AbstractProtocol.start Starting ProtocolHandler ["http-nio-8080"]
21-Mar-2020 08:07:47.206 信息 [main] org.apache.coyote.AbstractProtocol.start Starting ProtocolHandler ["ajp-nio-8009"]
21-Mar-2020 08:07:47.211 信息 [main] org.apache.catalina.startup.Catalina.start Server startup in 173 ms
21-Mar-2020 08:07:57.207 信息 [localhost-startStop-1] org.apache.catalina.startup.HostConfig.deployDirectory Deploying web application directory [C:\apache-tomcat-8.5.31\webapps\manager]
21-Mar-2020 08:07:57.498 信息 [localhost-startStop-1] org.apache.catalina.startup.HostConfig.deployDirectory Deployment of web application directory [C:\apache-tomcat-8.5.31\webapps\manager] has finished in [285] ms
21-Mar-2020 08:28:41.872 严重 [main] org.apache.catalina.startup.Catalina.stopServer Could not contact [localhost:[8005]]. Tomcat may not be running.
