25-Mar-2020 16:47:19.574 信息 [RMI TCP Connection(3)-127.0.0.1] org.apache.catalina.core.ApplicationContext.log No Spring WebApplicationInitializer types detected on classpath
25-Mar-2020 16:47:19.870 信息 [RMI TCP Connection(3)-127.0.0.1] org.apache.catalina.core.ApplicationContext.log Initializing Spring root WebApplicationContext
25-Mar-2020 16:47:23.474 信息 [RMI TCP Connection(3)-127.0.0.1] org.apache.catalina.core.ApplicationContext.log Initializing Spring FrameworkServlet 'dispatcherServlet'
25-Mar-2020 16:49:39.065 信息 [localhost-startStop-2] org.apache.catalina.core.ApplicationContext.log Destroying Spring FrameworkServlet 'dispatcherServlet'
25-Mar-2020 16:49:39.089 信息 [localhost-startStop-2] org.apache.catalina.core.ApplicationContext.log Closing Spring root WebApplicationContext
25-Mar-2020 16:50:01.129 信息 [RMI TCP Connection(2)-127.0.0.1] org.apache.catalina.core.ApplicationContext.log No Spring WebApplicationInitializer types detected on classpath
25-Mar-2020 16:50:01.383 信息 [RMI TCP Connection(2)-127.0.0.1] org.apache.catalina.core.ApplicationContext.log Initializing Spring root WebApplicationContext
25-Mar-2020 16:50:04.754 信息 [RMI TCP Connection(2)-127.0.0.1] org.apache.catalina.core.ApplicationContext.log Initializing Spring FrameworkServlet 'dispatcherServlet'
25-Mar-2020 17:28:02.429 信息 [localhost-startStop-2] org.apache.catalina.core.ApplicationContext.log Destroying Spring FrameworkServlet 'dispatcherServlet'
25-Mar-2020 17:28:02.434 信息 [localhost-startStop-2] org.apache.catalina.core.ApplicationContext.log Closing Spring root WebApplicationContext
25-Mar-2020 17:28:19.927 信息 [RMI TCP Connection(5)-127.0.0.1] org.apache.catalina.core.ApplicationContext.log No Spring WebApplicationInitializer types detected on classpath
25-Mar-2020 17:28:20.147 信息 [RMI TCP Connection(5)-127.0.0.1] org.apache.catalina.core.ApplicationContext.log Initializing Spring root WebApplicationContext
25-Mar-2020 17:28:23.091 信息 [RMI TCP Connection(5)-127.0.0.1] org.apache.catalina.core.ApplicationContext.log Initializing Spring FrameworkServlet 'dispatcherServlet'
25-Mar-2020 17:54:24.789 信息 [localhost-startStop-2] org.apache.catalina.core.ApplicationContext.log Destroying Spring FrameworkServlet 'dispatcherServlet'
25-Mar-2020 17:54:24.797 信息 [localhost-startStop-2] org.apache.catalina.core.ApplicationContext.log Closing Spring root WebApplicationContext
25-Mar-2020 17:54:40.067 信息 [RMI TCP Connection(3)-127.0.0.1] org.apache.catalina.core.ApplicationContext.log No Spring WebApplicationInitializer types detected on classpath
25-Mar-2020 17:54:40.277 信息 [RMI TCP Connection(3)-127.0.0.1] org.apache.catalina.core.ApplicationContext.log Initializing Spring root WebApplicationContext
25-Mar-2020 17:54:43.477 信息 [RMI TCP Connection(3)-127.0.0.1] org.apache.catalina.core.ApplicationContext.log Initializing Spring FrameworkServlet 'dispatcherServlet'
25-Mar-2020 17:57:08.260 信息 [localhost-startStop-2] org.apache.catalina.core.ApplicationContext.log Destroying Spring FrameworkServlet 'dispatcherServlet'
25-Mar-2020 17:57:08.267 信息 [localhost-startStop-2] org.apache.catalina.core.ApplicationContext.log Closing Spring root WebApplicationContext
25-Mar-2020 17:57:24.055 信息 [RMI TCP Connection(3)-127.0.0.1] org.apache.catalina.core.ApplicationContext.log No Spring WebApplicationInitializer types detected on classpath
25-Mar-2020 17:57:24.657 信息 [RMI TCP Connection(3)-127.0.0.1] org.apache.catalina.core.ApplicationContext.log Initializing Spring root WebApplicationContext
25-Mar-2020 17:57:28.862 信息 [RMI TCP Connection(3)-127.0.0.1] org.apache.catalina.core.ApplicationContext.log Initializing Spring FrameworkServlet 'dispatcherServlet'
25-Mar-2020 17:58:17.861 严重 [http-nio-8080-exec-7] org.apache.catalina.core.ApplicationDispatcher.invoke Servlet.service() for servlet [jsp] threw exception
 javax.el.PropertyNotFoundException: Property [name] not found on type [cn.itcast.domain.User]
	at javax.el.BeanELResolver$BeanProperties.get(BeanELResolver.java:260)
	at javax.el.BeanELResolver$BeanProperties.access$300(BeanELResolver.java:212)
	at javax.el.BeanELResolver.property(BeanELResolver.java:347)
	at javax.el.BeanELResolver.getValue(BeanELResolver.java:92)
	at org.apache.jasper.el.JasperELResolver.getValue(JasperELResolver.java:110)
	at org.apache.el.parser.AstValue.getValue(AstValue.java:169)
	at org.apache.el.ValueExpressionImpl.getValue(ValueExpressionImpl.java:190)
	at org.apache.jasper.runtime.PageContextImpl.proprietaryEvaluate(PageContextImpl.java:944)
	at org.apache.jsp.WEB_002dINF.pages.list_jsp._jspx_meth_c_005fforEach_005f0(list_jsp.java:178)
	at org.apache.jsp.WEB_002dINF.pages.list_jsp._jspService(list_jsp.java:131)
	at org.apache.jasper.runtime.HttpJspBase.service(HttpJspBase.java:70)
	at javax.servlet.http.HttpServlet.service(HttpServlet.java:742)
	at org.apache.jasper.servlet.JspServletWrapper.service(JspServletWrapper.java:443)
	at org.apache.jasper.servlet.JspServlet.serviceJspFile(JspServlet.java:386)
	at org.apache.jasper.servlet.JspServlet.service(JspServlet.java:330)
	at javax.servlet.http.HttpServlet.service(HttpServlet.java:742)
	at org.apache.catalina.core.ApplicationFilterChain.internalDoFilter(ApplicationFilterChain.java:231)
	at org.apache.catalina.core.ApplicationFilterChain.doFilter(ApplicationFilterChain.java:166)
	at org.apache.tomcat.websocket.server.WsFilter.doFilter(WsFilter.java:52)
	at org.apache.catalina.core.ApplicationFilterChain.internalDoFilter(ApplicationFilterChain.java:193)
	at org.apache.catalina.core.ApplicationFilterChain.doFilter(ApplicationFilterChain.java:166)
	at org.apache.catalina.core.ApplicationDispatcher.invoke(ApplicationDispatcher.java:728)
	at org.apache.catalina.core.ApplicationDispatcher.processRequest(ApplicationDispatcher.java:470)
	at org.apache.catalina.core.ApplicationDispatcher.doForward(ApplicationDispatcher.java:395)
	at org.apache.catalina.core.ApplicationDispatcher.forward(ApplicationDispatcher.java:316)
	at org.springframework.web.servlet.view.InternalResourceView.renderMergedOutputModel(InternalResourceView.java:170)
	at org.springframework.web.servlet.view.AbstractView.render(AbstractView.java:314)
	at org.springframework.web.servlet.DispatcherServlet.render(DispatcherServlet.java:1325)
	at org.springframework.web.servlet.DispatcherServlet.processDispatchResult(DispatcherServlet.java:1069)
	at org.springframework.web.servlet.DispatcherServlet.doDispatch(DispatcherServlet.java:1008)
	at org.springframework.web.servlet.DispatcherServlet.doService(DispatcherServlet.java:925)
	at org.springframework.web.servlet.FrameworkServlet.processRequest(FrameworkServlet.java:978)
	at org.springframework.web.servlet.FrameworkServlet.doGet(FrameworkServlet.java:870)
	at javax.servlet.http.HttpServlet.service(HttpServlet.java:635)
	at org.springframework.web.servlet.FrameworkServlet.service(FrameworkServlet.java:855)
	at javax.servlet.http.HttpServlet.service(HttpServlet.java:742)
	at org.apache.catalina.core.ApplicationFilterChain.internalDoFilter(ApplicationFilterChain.java:231)
	at org.apache.catalina.core.ApplicationFilterChain.doFilter(ApplicationFilterChain.java:166)
	at org.apache.tomcat.websocket.server.WsFilter.doFilter(WsFilter.java:52)
	at org.apache.catalina.core.ApplicationFilterChain.internalDoFilter(ApplicationFilterChain.java:193)
	at org.apache.catalina.core.ApplicationFilterChain.doFilter(ApplicationFilterChain.java:166)
	at org.springframework.web.filter.CharacterEncodingFilter.doFilterInternal(CharacterEncodingFilter.java:200)
	at org.springframework.web.filter.OncePerRequestFilter.doFilter(OncePerRequestFilter.java:107)
	at org.apache.catalina.core.ApplicationFilterChain.internalDoFilter(ApplicationFilterChain.java:193)
	at org.apache.catalina.core.ApplicationFilterChain.doFilter(ApplicationFilterChain.java:166)
	at org.apache.catalina.core.StandardWrapperValve.invoke(StandardWrapperValve.java:198)
	at org.apache.catalina.core.StandardContextValve.invoke(StandardContextValve.java:96)
	at org.apache.catalina.authenticator.AuthenticatorBase.invoke(AuthenticatorBase.java:496)
	at org.apache.catalina.core.StandardHostValve.invoke(StandardHostValve.java:140)
	at org.apache.catalina.valves.ErrorReportValve.invoke(ErrorReportValve.java:81)
	at org.apache.catalina.valves.AbstractAccessLogValve.invoke(AbstractAccessLogValve.java:650)
	at org.apache.catalina.core.StandardEngineValve.invoke(StandardEngineValve.java:87)
	at org.apache.catalina.connector.CoyoteAdapter.service(CoyoteAdapter.java:342)
	at org.apache.coyote.http11.Http11Processor.service(Http11Processor.java:803)
	at org.apache.coyote.AbstractProcessorLight.process(AbstractProcessorLight.java:66)
	at org.apache.coyote.AbstractProtocol$ConnectionHandler.process(AbstractProtocol.java:790)
	at org.apache.tomcat.util.net.NioEndpoint$SocketProcessor.doRun(NioEndpoint.java:1468)
	at org.apache.tomcat.util.net.SocketProcessorBase.run(SocketProcessorBase.java:49)
	at java.util.concurrent.ThreadPoolExecutor.runWorker(ThreadPoolExecutor.java:1149)
	at java.util.concurrent.ThreadPoolExecutor$Worker.run(ThreadPoolExecutor.java:624)
	at org.apache.tomcat.util.threads.TaskThread$WrappingRunnable.run(TaskThread.java:61)
	at java.lang.Thread.run(Thread.java:748)

25-Mar-2020 17:58:17.862 严重 [http-nio-8080-exec-7] org.apache.catalina.core.StandardWrapperValve.invoke Servlet.service() for servlet [dispatcherServlet] in context with path [] threw exception [An exception occurred processing JSP page [/WEB-INF/pages/list.jsp] at line [19]

16:     <h3>ヨ㈡?甯</h3>
17: 
18:     <c:forEach items="${Users}" var="user">
19:         ${user.name}
20:     </c:forEach>
21: 
22: 


Stacktrace:] with root cause
 javax.el.PropertyNotFoundException: Property [name] not found on type [cn.itcast.domain.User]
	at javax.el.BeanELResolver$BeanProperties.get(BeanELResolver.java:260)
	at javax.el.BeanELResolver$BeanProperties.access$300(BeanELResolver.java:212)
	at javax.el.BeanELResolver.property(BeanELResolver.java:347)
	at javax.el.BeanELResolver.getValue(BeanELResolver.java:92)
	at org.apache.jasper.el.JasperELResolver.getValue(JasperELResolver.java:110)
	at org.apache.el.parser.AstValue.getValue(AstValue.java:169)
	at org.apache.el.ValueExpressionImpl.getValue(ValueExpressionImpl.java:190)
	at org.apache.jasper.runtime.PageContextImpl.proprietaryEvaluate(PageContextImpl.java:944)
	at org.apache.jsp.WEB_002dINF.pages.list_jsp._jspx_meth_c_005fforEach_005f0(list_jsp.java:178)
	at org.apache.jsp.WEB_002dINF.pages.list_jsp._jspService(list_jsp.java:131)
	at org.apache.jasper.runtime.HttpJspBase.service(HttpJspBase.java:70)
	at javax.servlet.http.HttpServlet.service(HttpServlet.java:742)
	at org.apache.jasper.servlet.JspServletWrapper.service(JspServletWrapper.java:443)
	at org.apache.jasper.servlet.JspServlet.serviceJspFile(JspServlet.java:386)
	at org.apache.jasper.servlet.JspServlet.service(JspServlet.java:330)
	at javax.servlet.http.HttpServlet.service(HttpServlet.java:742)
	at org.apache.catalina.core.ApplicationFilterChain.internalDoFilter(ApplicationFilterChain.java:231)
	at org.apache.catalina.core.ApplicationFilterChain.doFilter(ApplicationFilterChain.java:166)
	at org.apache.tomcat.websocket.server.WsFilter.doFilter(WsFilter.java:52)
	at org.apache.catalina.core.ApplicationFilterChain.internalDoFilter(ApplicationFilterChain.java:193)
	at org.apache.catalina.core.ApplicationFilterChain.doFilter(ApplicationFilterChain.java:166)
	at org.apache.catalina.core.ApplicationDispatcher.invoke(ApplicationDispatcher.java:728)
	at org.apache.catalina.core.ApplicationDispatcher.processRequest(ApplicationDispatcher.java:470)
	at org.apache.catalina.core.ApplicationDispatcher.doForward(ApplicationDispatcher.java:395)
	at org.apache.catalina.core.ApplicationDispatcher.forward(ApplicationDispatcher.java:316)
	at org.springframework.web.servlet.view.InternalResourceView.renderMergedOutputModel(InternalResourceView.java:170)
	at org.springframework.web.servlet.view.AbstractView.render(AbstractView.java:314)
	at org.springframework.web.servlet.DispatcherServlet.render(DispatcherServlet.java:1325)
	at org.springframework.web.servlet.DispatcherServlet.processDispatchResult(DispatcherServlet.java:1069)
	at org.springframework.web.servlet.DispatcherServlet.doDispatch(DispatcherServlet.java:1008)
	at org.springframework.web.servlet.DispatcherServlet.doService(DispatcherServlet.java:925)
	at org.springframework.web.servlet.FrameworkServlet.processRequest(FrameworkServlet.java:978)
	at org.springframework.web.servlet.FrameworkServlet.doGet(FrameworkServlet.java:870)
	at javax.servlet.http.HttpServlet.service(HttpServlet.java:635)
	at org.springframework.web.servlet.FrameworkServlet.service(FrameworkServlet.java:855)
	at javax.servlet.http.HttpServlet.service(HttpServlet.java:742)
	at org.apache.catalina.core.ApplicationFilterChain.internalDoFilter(ApplicationFilterChain.java:231)
	at org.apache.catalina.core.ApplicationFilterChain.doFilter(ApplicationFilterChain.java:166)
	at org.apache.tomcat.websocket.server.WsFilter.doFilter(WsFilter.java:52)
	at org.apache.catalina.core.ApplicationFilterChain.internalDoFilter(ApplicationFilterChain.java:193)
	at org.apache.catalina.core.ApplicationFilterChain.doFilter(ApplicationFilterChain.java:166)
	at org.springframework.web.filter.CharacterEncodingFilter.doFilterInternal(CharacterEncodingFilter.java:200)
	at org.springframework.web.filter.OncePerRequestFilter.doFilter(OncePerRequestFilter.java:107)
	at org.apache.catalina.core.ApplicationFilterChain.internalDoFilter(ApplicationFilterChain.java:193)
	at org.apache.catalina.core.ApplicationFilterChain.doFilter(ApplicationFilterChain.java:166)
	at org.apache.catalina.core.StandardWrapperValve.invoke(StandardWrapperValve.java:198)
	at org.apache.catalina.core.StandardContextValve.invoke(StandardContextValve.java:96)
	at org.apache.catalina.authenticator.AuthenticatorBase.invoke(AuthenticatorBase.java:496)
	at org.apache.catalina.core.StandardHostValve.invoke(StandardHostValve.java:140)
	at org.apache.catalina.valves.ErrorReportValve.invoke(ErrorReportValve.java:81)
	at org.apache.catalina.valves.AbstractAccessLogValve.invoke(AbstractAccessLogValve.java:650)
	at org.apache.catalina.core.StandardEngineValve.invoke(StandardEngineValve.java:87)
	at org.apache.catalina.connector.CoyoteAdapter.service(CoyoteAdapter.java:342)
	at org.apache.coyote.http11.Http11Processor.service(Http11Processor.java:803)
	at org.apache.coyote.AbstractProcessorLight.process(AbstractProcessorLight.java:66)
	at org.apache.coyote.AbstractProtocol$ConnectionHandler.process(AbstractProtocol.java:790)
	at org.apache.tomcat.util.net.NioEndpoint$SocketProcessor.doRun(NioEndpoint.java:1468)
	at org.apache.tomcat.util.net.SocketProcessorBase.run(SocketProcessorBase.java:49)
	at java.util.concurrent.ThreadPoolExecutor.runWorker(ThreadPoolExecutor.java:1149)
	at java.util.concurrent.ThreadPoolExecutor$Worker.run(ThreadPoolExecutor.java:624)
	at org.apache.tomcat.util.threads.TaskThread$WrappingRunnable.run(TaskThread.java:61)
	at java.lang.Thread.run(Thread.java:748)

25-Mar-2020 17:59:08.548 信息 [localhost-startStop-2] org.apache.catalina.core.ApplicationContext.log Destroying Spring FrameworkServlet 'dispatcherServlet'
25-Mar-2020 17:59:08.554 信息 [localhost-startStop-2] org.apache.catalina.core.ApplicationContext.log Closing Spring root WebApplicationContext
25-Mar-2020 17:59:22.289 信息 [RMI TCP Connection(3)-127.0.0.1] org.apache.catalina.core.ApplicationContext.log No Spring WebApplicationInitializer types detected on classpath
25-Mar-2020 17:59:22.503 信息 [RMI TCP Connection(3)-127.0.0.1] org.apache.catalina.core.ApplicationContext.log Initializing Spring root WebApplicationContext
25-Mar-2020 17:59:25.694 信息 [RMI TCP Connection(3)-127.0.0.1] org.apache.catalina.core.ApplicationContext.log Initializing Spring FrameworkServlet 'dispatcherServlet'
25-Mar-2020 18:01:56.296 信息 [localhost-startStop-2] org.apache.catalina.core.ApplicationContext.log Destroying Spring FrameworkServlet 'dispatcherServlet'
25-Mar-2020 18:01:56.303 信息 [localhost-startStop-2] org.apache.catalina.core.ApplicationContext.log Closing Spring root WebApplicationContext
