23-Mar-2020 20:28:58.425 信息 [main] org.apache.catalina.startup.VersionLoggerListener.log Server version:        Apache Tomcat/8.5.31
23-Mar-2020 20:28:58.428 信息 [main] org.apache.catalina.startup.VersionLoggerListener.log Server built:          Apr 27 2018 20:24:25 UTC
23-Mar-2020 20:28:58.428 信息 [main] org.apache.catalina.startup.VersionLoggerListener.log Server number:         8.5.31.0
23-Mar-2020 20:28:58.428 信息 [main] org.apache.catalina.startup.VersionLoggerListener.log OS Name:               Windows 10
23-Mar-2020 20:28:58.428 信息 [main] org.apache.catalina.startup.VersionLoggerListener.log OS Version:            10.0
23-Mar-2020 20:28:58.428 信息 [main] org.apache.catalina.startup.VersionLoggerListener.log Architecture:          amd64
23-Mar-2020 20:28:58.429 信息 [main] org.apache.catalina.startup.VersionLoggerListener.log Java Home:             C:\Program Files\Java\jdk1.8.0_152\jre
23-Mar-2020 20:28:58.429 信息 [main] org.apache.catalina.startup.VersionLoggerListener.log JVM Version:           1.8.0_152-b16
23-Mar-2020 20:28:58.429 信息 [main] org.apache.catalina.startup.VersionLoggerListener.log JVM Vendor:            Oracle Corporation
23-Mar-2020 20:28:58.429 信息 [main] org.apache.catalina.startup.VersionLoggerListener.log CATALINA_BASE:         C:\Users\changjiang\.IntelliJIdea2017.3\system\tomcat\Unnamed_heima_ssm
23-Mar-2020 20:28:58.429 信息 [main] org.apache.catalina.startup.VersionLoggerListener.log CATALINA_HOME:         C:\apache-tomcat-8.5.31
23-Mar-2020 20:28:58.429 信息 [main] org.apache.catalina.startup.VersionLoggerListener.log Command line argument: -Djava.util.logging.config.file=C:\Users\changjiang\.IntelliJIdea2017.3\system\tomcat\Unnamed_heima_ssm\conf\logging.properties
23-Mar-2020 20:28:58.429 信息 [main] org.apache.catalina.startup.VersionLoggerListener.log Command line argument: -Djava.util.logging.manager=org.apache.juli.ClassLoaderLogManager
23-Mar-2020 20:28:58.429 信息 [main] org.apache.catalina.startup.VersionLoggerListener.log Command line argument: -Dcom.sun.management.jmxremote=
23-Mar-2020 20:28:58.429 信息 [main] org.apache.catalina.startup.VersionLoggerListener.log Command line argument: -Dcom.sun.management.jmxremote.port=1099
23-Mar-2020 20:28:58.430 信息 [main] org.apache.catalina.startup.VersionLoggerListener.log Command line argument: -Dcom.sun.management.jmxremote.ssl=false
23-Mar-2020 20:28:58.430 信息 [main] org.apache.catalina.startup.VersionLoggerListener.log Command line argument: -Dcom.sun.management.jmxremote.authenticate=false
23-Mar-2020 20:28:58.430 信息 [main] org.apache.catalina.startup.VersionLoggerListener.log Command line argument: -Djava.rmi.server.hostname=127.0.0.1
23-Mar-2020 20:28:58.430 信息 [main] org.apache.catalina.startup.VersionLoggerListener.log Command line argument: -Djdk.tls.ephemeralDHKeySize=2048
23-Mar-2020 20:28:58.430 信息 [main] org.apache.catalina.startup.VersionLoggerListener.log Command line argument: -Djava.protocol.handler.pkgs=org.apache.catalina.webresources
23-Mar-2020 20:28:58.430 信息 [main] org.apache.catalina.startup.VersionLoggerListener.log Command line argument: -Dignore.endorsed.dirs=
23-Mar-2020 20:28:58.430 信息 [main] org.apache.catalina.startup.VersionLoggerListener.log Command line argument: -Dcatalina.base=C:\Users\changjiang\.IntelliJIdea2017.3\system\tomcat\Unnamed_heima_ssm
23-Mar-2020 20:28:58.430 信息 [main] org.apache.catalina.startup.VersionLoggerListener.log Command line argument: -Dcatalina.home=C:\apache-tomcat-8.5.31
23-Mar-2020 20:28:58.430 信息 [main] org.apache.catalina.startup.VersionLoggerListener.log Command line argument: -Djava.io.tmpdir=C:\apache-tomcat-8.5.31\temp
23-Mar-2020 20:28:58.430 信息 [main] org.apache.catalina.core.AprLifecycleListener.lifecycleEvent Loaded APR based Apache Tomcat Native library [1.2.16] using APR version [1.6.3].
23-Mar-2020 20:28:58.431 信息 [main] org.apache.catalina.core.AprLifecycleListener.lifecycleEvent APR capabilities: IPv6 [true], sendfile [true], accept filters [false], random [true].
23-Mar-2020 20:28:58.431 信息 [main] org.apache.catalina.core.AprLifecycleListener.lifecycleEvent APR/OpenSSL configuration: useAprConnector [false], useOpenSSL [true]
23-Mar-2020 20:28:59.031 信息 [main] org.apache.catalina.core.AprLifecycleListener.initializeSSL OpenSSL successfully initialized [OpenSSL 1.0.2m  2 Nov 2017]
23-Mar-2020 20:28:59.146 信息 [main] org.apache.coyote.AbstractProtocol.init Initializing ProtocolHandler ["http-nio-8080"]
23-Mar-2020 20:28:59.162 信息 [main] org.apache.tomcat.util.net.NioSelectorPool.getSharedSelector Using a shared selector for servlet write/read
23-Mar-2020 20:28:59.181 信息 [main] org.apache.coyote.AbstractProtocol.init Initializing ProtocolHandler ["ajp-nio-8009"]
23-Mar-2020 20:28:59.184 信息 [main] org.apache.tomcat.util.net.NioSelectorPool.getSharedSelector Using a shared selector for servlet write/read
23-Mar-2020 20:28:59.185 信息 [main] org.apache.catalina.startup.Catalina.load Initialization processed in 1571 ms
23-Mar-2020 20:28:59.214 信息 [main] org.apache.catalina.core.StandardService.startInternal Starting service [Catalina]
23-Mar-2020 20:28:59.215 信息 [main] org.apache.catalina.core.StandardEngine.startInternal Starting Servlet Engine: Apache Tomcat/8.5.31
23-Mar-2020 20:28:59.226 信息 [main] org.apache.coyote.AbstractProtocol.start Starting ProtocolHandler ["http-nio-8080"]
23-Mar-2020 20:28:59.237 信息 [main] org.apache.coyote.AbstractProtocol.start Starting ProtocolHandler ["ajp-nio-8009"]
23-Mar-2020 20:28:59.240 信息 [main] org.apache.catalina.startup.Catalina.start Server startup in 55 ms
23-Mar-2020 20:29:05.459 信息 [RMI TCP Connection(3)-127.0.0.1] org.apache.jasper.servlet.TldScanner.scanJars At least one JAR was scanned for TLDs yet contained no TLDs. Enable debug logging for this logger for a complete list of JARs that were scanned but no TLDs were found in them. Skipping unneeded JARs during scanning can improve startup time and JSP compilation time.
23-Mar-2020 20:29:09.104 严重 [RMI TCP Connection(3)-127.0.0.1] org.apache.catalina.core.StandardContext.startInternal One or more listeners failed to start. Full details will be found in the appropriate container log file
23-Mar-2020 20:29:09.106 严重 [RMI TCP Connection(3)-127.0.0.1] org.apache.catalina.core.StandardContext.startInternal Context [] startup failed due to previous errors
23-Mar-2020 20:29:09.228 信息 [localhost-startStop-1] org.apache.catalina.startup.HostConfig.deployDirectory Deploying web application directory [C:\apache-tomcat-8.5.31\webapps\manager]
23-Mar-2020 20:29:09.294 信息 [localhost-startStop-1] org.apache.catalina.startup.HostConfig.deployDirectory Deployment of web application directory [C:\apache-tomcat-8.5.31\webapps\manager] has finished in [66] ms
23-Mar-2020 20:31:51.047 信息 [main] org.apache.catalina.core.StandardServer.await A valid shutdown command was received via the shutdown port. Stopping the Server instance.
23-Mar-2020 20:31:51.048 信息 [main] org.apache.coyote.AbstractProtocol.pause Pausing ProtocolHandler ["http-nio-8080"]
23-Mar-2020 20:31:51.231 信息 [main] org.apache.coyote.AbstractProtocol.pause Pausing ProtocolHandler ["ajp-nio-8009"]
23-Mar-2020 20:31:51.394 信息 [main] org.apache.catalina.core.StandardService.stopInternal Stopping service [Catalina]
23-Mar-2020 20:31:51.402 信息 [main] org.apache.coyote.AbstractProtocol.stop Stopping ProtocolHandler ["http-nio-8080"]
23-Mar-2020 20:31:51.405 信息 [main] org.apache.coyote.AbstractProtocol.stop Stopping ProtocolHandler ["ajp-nio-8009"]
23-Mar-2020 20:31:51.407 信息 [main] org.apache.coyote.AbstractProtocol.destroy Destroying ProtocolHandler ["http-nio-8080"]
23-Mar-2020 20:31:51.408 信息 [main] org.apache.coyote.AbstractProtocol.destroy Destroying ProtocolHandler ["ajp-nio-8009"]
23-Mar-2020 20:32:01.783 信息 [main] org.apache.catalina.startup.VersionLoggerListener.log Server version:        Apache Tomcat/8.5.31
23-Mar-2020 20:32:01.785 信息 [main] org.apache.catalina.startup.VersionLoggerListener.log Server built:          Apr 27 2018 20:24:25 UTC
23-Mar-2020 20:32:01.785 信息 [main] org.apache.catalina.startup.VersionLoggerListener.log Server number:         8.5.31.0
23-Mar-2020 20:32:01.786 信息 [main] org.apache.catalina.startup.VersionLoggerListener.log OS Name:               Windows 10
23-Mar-2020 20:32:01.786 信息 [main] org.apache.catalina.startup.VersionLoggerListener.log OS Version:            10.0
23-Mar-2020 20:32:01.786 信息 [main] org.apache.catalina.startup.VersionLoggerListener.log Architecture:          amd64
23-Mar-2020 20:32:01.786 信息 [main] org.apache.catalina.startup.VersionLoggerListener.log Java Home:             C:\Program Files\Java\jdk1.8.0_152\jre
23-Mar-2020 20:32:01.786 信息 [main] org.apache.catalina.startup.VersionLoggerListener.log JVM Version:           1.8.0_152-b16
23-Mar-2020 20:32:01.786 信息 [main] org.apache.catalina.startup.VersionLoggerListener.log JVM Vendor:            Oracle Corporation
23-Mar-2020 20:32:01.786 信息 [main] org.apache.catalina.startup.VersionLoggerListener.log CATALINA_BASE:         C:\Users\changjiang\.IntelliJIdea2017.3\system\tomcat\Unnamed_heima_ssm
23-Mar-2020 20:32:01.786 信息 [main] org.apache.catalina.startup.VersionLoggerListener.log CATALINA_HOME:         C:\apache-tomcat-8.5.31
23-Mar-2020 20:32:01.786 信息 [main] org.apache.catalina.startup.VersionLoggerListener.log Command line argument: -Djava.util.logging.config.file=C:\Users\changjiang\.IntelliJIdea2017.3\system\tomcat\Unnamed_heima_ssm\conf\logging.properties
23-Mar-2020 20:32:01.786 信息 [main] org.apache.catalina.startup.VersionLoggerListener.log Command line argument: -Djava.util.logging.manager=org.apache.juli.ClassLoaderLogManager
23-Mar-2020 20:32:01.787 信息 [main] org.apache.catalina.startup.VersionLoggerListener.log Command line argument: -Dcom.sun.management.jmxremote=
23-Mar-2020 20:32:01.787 信息 [main] org.apache.catalina.startup.VersionLoggerListener.log Command line argument: -Dcom.sun.management.jmxremote.port=1099
23-Mar-2020 20:32:01.787 信息 [main] org.apache.catalina.startup.VersionLoggerListener.log Command line argument: -Dcom.sun.management.jmxremote.ssl=false
23-Mar-2020 20:32:01.787 信息 [main] org.apache.catalina.startup.VersionLoggerListener.log Command line argument: -Dcom.sun.management.jmxremote.authenticate=false
23-Mar-2020 20:32:01.787 信息 [main] org.apache.catalina.startup.VersionLoggerListener.log Command line argument: -Djava.rmi.server.hostname=127.0.0.1
23-Mar-2020 20:32:01.787 信息 [main] org.apache.catalina.startup.VersionLoggerListener.log Command line argument: -Djdk.tls.ephemeralDHKeySize=2048
23-Mar-2020 20:32:01.787 信息 [main] org.apache.catalina.startup.VersionLoggerListener.log Command line argument: -Djava.protocol.handler.pkgs=org.apache.catalina.webresources
23-Mar-2020 20:32:01.787 信息 [main] org.apache.catalina.startup.VersionLoggerListener.log Command line argument: -Dignore.endorsed.dirs=
23-Mar-2020 20:32:01.788 信息 [main] org.apache.catalina.startup.VersionLoggerListener.log Command line argument: -Dcatalina.base=C:\Users\changjiang\.IntelliJIdea2017.3\system\tomcat\Unnamed_heima_ssm
23-Mar-2020 20:32:01.788 信息 [main] org.apache.catalina.startup.VersionLoggerListener.log Command line argument: -Dcatalina.home=C:\apache-tomcat-8.5.31
23-Mar-2020 20:32:01.788 信息 [main] org.apache.catalina.startup.VersionLoggerListener.log Command line argument: -Djava.io.tmpdir=C:\apache-tomcat-8.5.31\temp
23-Mar-2020 20:32:01.788 信息 [main] org.apache.catalina.core.AprLifecycleListener.lifecycleEvent Loaded APR based Apache Tomcat Native library [1.2.16] using APR version [1.6.3].
23-Mar-2020 20:32:01.789 信息 [main] org.apache.catalina.core.AprLifecycleListener.lifecycleEvent APR capabilities: IPv6 [true], sendfile [true], accept filters [false], random [true].
23-Mar-2020 20:32:01.789 信息 [main] org.apache.catalina.core.AprLifecycleListener.lifecycleEvent APR/OpenSSL configuration: useAprConnector [false], useOpenSSL [true]
23-Mar-2020 20:32:02.427 信息 [main] org.apache.catalina.core.AprLifecycleListener.initializeSSL OpenSSL successfully initialized [OpenSSL 1.0.2m  2 Nov 2017]
23-Mar-2020 20:32:02.545 信息 [main] org.apache.coyote.AbstractProtocol.init Initializing ProtocolHandler ["http-nio-8080"]
23-Mar-2020 20:32:02.559 信息 [main] org.apache.tomcat.util.net.NioSelectorPool.getSharedSelector Using a shared selector for servlet write/read
23-Mar-2020 20:32:02.576 信息 [main] org.apache.coyote.AbstractProtocol.init Initializing ProtocolHandler ["ajp-nio-8009"]
23-Mar-2020 20:32:02.578 信息 [main] org.apache.tomcat.util.net.NioSelectorPool.getSharedSelector Using a shared selector for servlet write/read
23-Mar-2020 20:32:02.579 信息 [main] org.apache.catalina.startup.Catalina.load Initialization processed in 1085 ms
23-Mar-2020 20:32:02.610 信息 [main] org.apache.catalina.core.StandardService.startInternal Starting service [Catalina]
23-Mar-2020 20:32:02.610 信息 [main] org.apache.catalina.core.StandardEngine.startInternal Starting Servlet Engine: Apache Tomcat/8.5.31
23-Mar-2020 20:32:02.622 信息 [main] org.apache.coyote.AbstractProtocol.start Starting ProtocolHandler ["http-nio-8080"]
23-Mar-2020 20:32:02.632 信息 [main] org.apache.coyote.AbstractProtocol.start Starting ProtocolHandler ["ajp-nio-8009"]
23-Mar-2020 20:32:02.635 信息 [main] org.apache.catalina.startup.Catalina.start Server startup in 56 ms
23-Mar-2020 20:32:09.270 信息 [RMI TCP Connection(5)-127.0.0.1] org.apache.jasper.servlet.TldScanner.scanJars At least one JAR was scanned for TLDs yet contained no TLDs. Enable debug logging for this logger for a complete list of JARs that were scanned but no TLDs were found in them. Skipping unneeded JARs during scanning can improve startup time and JSP compilation time.
23-Mar-2020 20:32:12.412 严重 [RMI TCP Connection(5)-127.0.0.1] org.apache.catalina.core.StandardContext.startInternal One or more Filters failed to start. Full details will be found in the appropriate container log file
23-Mar-2020 20:32:12.413 严重 [RMI TCP Connection(5)-127.0.0.1] org.apache.catalina.core.StandardContext.startInternal Context [] startup failed due to previous errors
23-Mar-2020 20:32:12.624 信息 [localhost-startStop-1] org.apache.catalina.startup.HostConfig.deployDirectory Deploying web application directory [C:\apache-tomcat-8.5.31\webapps\manager]
23-Mar-2020 20:32:12.741 信息 [localhost-startStop-1] org.apache.catalina.startup.HostConfig.deployDirectory Deployment of web application directory [C:\apache-tomcat-8.5.31\webapps\manager] has finished in [117] ms
23-Mar-2020 20:33:06.602 信息 [main] org.apache.catalina.core.StandardServer.await A valid shutdown command was received via the shutdown port. Stopping the Server instance.
23-Mar-2020 20:33:06.602 信息 [main] org.apache.coyote.AbstractProtocol.pause Pausing ProtocolHandler ["http-nio-8080"]
23-Mar-2020 20:33:06.774 信息 [main] org.apache.coyote.AbstractProtocol.pause Pausing ProtocolHandler ["ajp-nio-8009"]
23-Mar-2020 20:33:06.937 信息 [main] org.apache.catalina.core.StandardService.stopInternal Stopping service [Catalina]
23-Mar-2020 20:33:06.945 信息 [main] org.apache.coyote.AbstractProtocol.stop Stopping ProtocolHandler ["http-nio-8080"]
23-Mar-2020 20:33:06.946 信息 [main] org.apache.coyote.AbstractProtocol.stop Stopping ProtocolHandler ["ajp-nio-8009"]
23-Mar-2020 20:33:06.948 信息 [main] org.apache.coyote.AbstractProtocol.destroy Destroying ProtocolHandler ["http-nio-8080"]
23-Mar-2020 20:33:06.949 信息 [main] org.apache.coyote.AbstractProtocol.destroy Destroying ProtocolHandler ["ajp-nio-8009"]
23-Mar-2020 20:33:18.795 信息 [main] org.apache.catalina.startup.VersionLoggerListener.log Server version:        Apache Tomcat/8.5.31
23-Mar-2020 20:33:18.798 信息 [main] org.apache.catalina.startup.VersionLoggerListener.log Server built:          Apr 27 2018 20:24:25 UTC
23-Mar-2020 20:33:18.798 信息 [main] org.apache.catalina.startup.VersionLoggerListener.log Server number:         8.5.31.0
23-Mar-2020 20:33:18.798 信息 [main] org.apache.catalina.startup.VersionLoggerListener.log OS Name:               Windows 10
23-Mar-2020 20:33:18.798 信息 [main] org.apache.catalina.startup.VersionLoggerListener.log OS Version:            10.0
23-Mar-2020 20:33:18.798 信息 [main] org.apache.catalina.startup.VersionLoggerListener.log Architecture:          amd64
23-Mar-2020 20:33:18.798 信息 [main] org.apache.catalina.startup.VersionLoggerListener.log Java Home:             C:\Program Files\Java\jdk1.8.0_152\jre
23-Mar-2020 20:33:18.798 信息 [main] org.apache.catalina.startup.VersionLoggerListener.log JVM Version:           1.8.0_152-b16
23-Mar-2020 20:33:18.798 信息 [main] org.apache.catalina.startup.VersionLoggerListener.log JVM Vendor:            Oracle Corporation
23-Mar-2020 20:33:18.799 信息 [main] org.apache.catalina.startup.VersionLoggerListener.log CATALINA_BASE:         C:\Users\changjiang\.IntelliJIdea2017.3\system\tomcat\Unnamed_heima_ssm
23-Mar-2020 20:33:18.799 信息 [main] org.apache.catalina.startup.VersionLoggerListener.log CATALINA_HOME:         C:\apache-tomcat-8.5.31
23-Mar-2020 20:33:18.799 信息 [main] org.apache.catalina.startup.VersionLoggerListener.log Command line argument: -Djava.util.logging.config.file=C:\Users\changjiang\.IntelliJIdea2017.3\system\tomcat\Unnamed_heima_ssm\conf\logging.properties
23-Mar-2020 20:33:18.799 信息 [main] org.apache.catalina.startup.VersionLoggerListener.log Command line argument: -Djava.util.logging.manager=org.apache.juli.ClassLoaderLogManager
23-Mar-2020 20:33:18.799 信息 [main] org.apache.catalina.startup.VersionLoggerListener.log Command line argument: -Dcom.sun.management.jmxremote=
23-Mar-2020 20:33:18.799 信息 [main] org.apache.catalina.startup.VersionLoggerListener.log Command line argument: -Dcom.sun.management.jmxremote.port=1099
23-Mar-2020 20:33:18.799 信息 [main] org.apache.catalina.startup.VersionLoggerListener.log Command line argument: -Dcom.sun.management.jmxremote.ssl=false
23-Mar-2020 20:33:18.799 信息 [main] org.apache.catalina.startup.VersionLoggerListener.log Command line argument: -Dcom.sun.management.jmxremote.authenticate=false
23-Mar-2020 20:33:18.799 信息 [main] org.apache.catalina.startup.VersionLoggerListener.log Command line argument: -Djava.rmi.server.hostname=127.0.0.1
23-Mar-2020 20:33:18.800 信息 [main] org.apache.catalina.startup.VersionLoggerListener.log Command line argument: -Djdk.tls.ephemeralDHKeySize=2048
23-Mar-2020 20:33:18.801 信息 [main] org.apache.catalina.startup.VersionLoggerListener.log Command line argument: -Djava.protocol.handler.pkgs=org.apache.catalina.webresources
23-Mar-2020 20:33:18.801 信息 [main] org.apache.catalina.startup.VersionLoggerListener.log Command line argument: -Dignore.endorsed.dirs=
23-Mar-2020 20:33:18.801 信息 [main] org.apache.catalina.startup.VersionLoggerListener.log Command line argument: -Dcatalina.base=C:\Users\changjiang\.IntelliJIdea2017.3\system\tomcat\Unnamed_heima_ssm
23-Mar-2020 20:33:18.801 信息 [main] org.apache.catalina.startup.VersionLoggerListener.log Command line argument: -Dcatalina.home=C:\apache-tomcat-8.5.31
23-Mar-2020 20:33:18.801 信息 [main] org.apache.catalina.startup.VersionLoggerListener.log Command line argument: -Djava.io.tmpdir=C:\apache-tomcat-8.5.31\temp
23-Mar-2020 20:33:18.801 信息 [main] org.apache.catalina.core.AprLifecycleListener.lifecycleEvent Loaded APR based Apache Tomcat Native library [1.2.16] using APR version [1.6.3].
23-Mar-2020 20:33:18.801 信息 [main] org.apache.catalina.core.AprLifecycleListener.lifecycleEvent APR capabilities: IPv6 [true], sendfile [true], accept filters [false], random [true].
23-Mar-2020 20:33:18.802 信息 [main] org.apache.catalina.core.AprLifecycleListener.lifecycleEvent APR/OpenSSL configuration: useAprConnector [false], useOpenSSL [true]
23-Mar-2020 20:33:19.427 信息 [main] org.apache.catalina.core.AprLifecycleListener.initializeSSL OpenSSL successfully initialized [OpenSSL 1.0.2m  2 Nov 2017]
23-Mar-2020 20:33:19.557 信息 [main] org.apache.coyote.AbstractProtocol.init Initializing ProtocolHandler ["http-nio-8080"]
23-Mar-2020 20:33:19.574 信息 [main] org.apache.tomcat.util.net.NioSelectorPool.getSharedSelector Using a shared selector for servlet write/read
23-Mar-2020 20:33:19.582 信息 [main] org.apache.coyote.AbstractProtocol.init Initializing ProtocolHandler ["ajp-nio-8009"]
23-Mar-2020 20:33:19.585 信息 [main] org.apache.tomcat.util.net.NioSelectorPool.getSharedSelector Using a shared selector for servlet write/read
23-Mar-2020 20:33:19.586 信息 [main] org.apache.catalina.startup.Catalina.load Initialization processed in 1098 ms
23-Mar-2020 20:33:19.615 信息 [main] org.apache.catalina.core.StandardService.startInternal Starting service [Catalina]
23-Mar-2020 20:33:19.616 信息 [main] org.apache.catalina.core.StandardEngine.startInternal Starting Servlet Engine: Apache Tomcat/8.5.31
23-Mar-2020 20:33:19.627 信息 [main] org.apache.coyote.AbstractProtocol.start Starting ProtocolHandler ["http-nio-8080"]
23-Mar-2020 20:33:19.638 信息 [main] org.apache.coyote.AbstractProtocol.start Starting ProtocolHandler ["ajp-nio-8009"]
23-Mar-2020 20:33:19.642 信息 [main] org.apache.catalina.startup.Catalina.start Server startup in 56 ms
23-Mar-2020 20:33:26.504 信息 [RMI TCP Connection(7)-127.0.0.1] org.apache.jasper.servlet.TldScanner.scanJars At least one JAR was scanned for TLDs yet contained no TLDs. Enable debug logging for this logger for a complete list of JARs that were scanned but no TLDs were found in them. Skipping unneeded JARs during scanning can improve startup time and JSP compilation time.
23-Mar-2020 20:33:26.966 严重 [RMI TCP Connection(7)-127.0.0.1] org.apache.catalina.core.StandardContext.startInternal One or more listeners failed to start. Full details will be found in the appropriate container log file
23-Mar-2020 20:33:26.968 严重 [RMI TCP Connection(7)-127.0.0.1] org.apache.catalina.core.StandardContext.startInternal Context [] startup failed due to previous errors
23-Mar-2020 20:33:29.630 信息 [localhost-startStop-1] org.apache.catalina.startup.HostConfig.deployDirectory Deploying web application directory [C:\apache-tomcat-8.5.31\webapps\manager]
23-Mar-2020 20:33:29.731 信息 [localhost-startStop-1] org.apache.catalina.startup.HostConfig.deployDirectory Deployment of web application directory [C:\apache-tomcat-8.5.31\webapps\manager] has finished in [101] ms
23-Mar-2020 20:33:43.611 信息 [main] org.apache.catalina.core.StandardServer.await A valid shutdown command was received via the shutdown port. Stopping the Server instance.
23-Mar-2020 20:33:43.611 信息 [main] org.apache.coyote.AbstractProtocol.pause Pausing ProtocolHandler ["http-nio-8080"]
23-Mar-2020 20:33:43.788 信息 [main] org.apache.coyote.AbstractProtocol.pause Pausing ProtocolHandler ["ajp-nio-8009"]
23-Mar-2020 20:33:43.962 信息 [main] org.apache.catalina.core.StandardService.stopInternal Stopping service [Catalina]
23-Mar-2020 20:33:43.970 信息 [main] org.apache.coyote.AbstractProtocol.stop Stopping ProtocolHandler ["http-nio-8080"]
23-Mar-2020 20:33:43.972 信息 [main] org.apache.coyote.AbstractProtocol.stop Stopping ProtocolHandler ["ajp-nio-8009"]
23-Mar-2020 20:33:43.974 信息 [main] org.apache.coyote.AbstractProtocol.destroy Destroying ProtocolHandler ["http-nio-8080"]
23-Mar-2020 20:33:43.975 信息 [main] org.apache.coyote.AbstractProtocol.destroy Destroying ProtocolHandler ["ajp-nio-8009"]
